<?xml version="1.0" encoding="utf-8"?><testsuites name="pytest tests"><testsuite name="pytest" errors="0" failures="0" skipped="0" tests="8" time="10.781" timestamp="2026-05-18T21:31:28.115141+00:00" hostname="agent-env-4b263201-4f80-4c36-98f8-724756e006b0"><testcase classname="backend.tests.test_conversion_deposit_flow" name="test_01_estimate_creates_anonymous_lead" time="9.573" /><testcase classname="backend.tests.test_conversion_deposit_flow" name="test_02_register_fresh_client" time="0.298" /><testcase classname="backend.tests.test_conversion_deposit_flow" name="test_03_claim_lead_creates_awaiting_deposit_project" time="0.065" /><testcase classname="backend.tests.test_conversion_deposit_flow" name="test_04_admin_sees_converted_lead" time="0.408" /><testcase classname="backend.tests.test_conversion_deposit_flow" name="test_05_admin_patch_lead" time="0.053" /><testcase classname="backend.tests.test_conversion_deposit_flow" name="test_06_workspace_returns_deposit_block" time="0.077" /><testcase classname="backend.tests.test_conversion_deposit_flow" name="test_07_deposit_checkout_mock_idempotent" time="0.134" /><testcase classname="backend.tests.test_conversion_deposit_flow" name="test_08_client_attention_awaiting_deposit" time="0.077" /></testsuite></testsuites>