<?xml version="1.0" encoding="utf-8"?><testsuites name="pytest tests"><testsuite name="pytest" errors="0" failures="0" skipped="0" tests="15" time="3.611" timestamp="2026-05-15T22:05:23.203162+00:00" hostname="agent-env-74dfb55d-9861-40a7-a0a6-f4c58db2ac93"><testcase classname="backend.tests.test_developer_support_tickets.TestDeveloperSupportTickets" name="test_list_tickets_initial" time="0.795" /><testcase classname="backend.tests.test_developer_support_tickets.TestDeveloperSupportTickets" name="test_create_ticket_valid" time="0.173" /><testcase classname="backend.tests.test_developer_support_tickets.TestDeveloperSupportTickets" name="test_create_ticket_rejects_empty_title" time="0.172" /><testcase classname="backend.tests.test_developer_support_tickets.TestDeveloperSupportTickets" name="test_create_ticket_rejects_bad_type" time="0.179" /><testcase classname="backend.tests.test_developer_support_tickets.TestDeveloperSupportTickets" name="test_create_ticket_rejects_bad_priority" time="0.175" /><testcase classname="backend.tests.test_developer_support_tickets.TestDeveloperSupportTickets" name="test_get_ticket_detail" time="0.174" /><testcase classname="backend.tests.test_developer_support_tickets.TestDeveloperSupportTickets" name="test_get_ticket_404" time="0.213" /><testcase classname="backend.tests.test_developer_support_tickets.TestDeveloperSupportTickets" name="test_respond_to_ticket" time="0.364" /><testcase classname="backend.tests.test_developer_support_tickets.TestDeveloperSupportTickets" name="test_respond_rejects_empty_message" time="0.215" /><testcase classname="backend.tests.test_developer_support_tickets.TestDeveloperSupportTickets" name="test_list_includes_new_ticket" time="0.176" /><testcase classname="backend.tests.test_developer_support_tickets.TestNotificationsEndpoints" name="test_unread_count" time="0.171" /><testcase classname="backend.tests.test_developer_support_tickets.TestNotificationsEndpoints" name="test_list_my_notifications" time="0.172" /><testcase classname="backend.tests.test_developer_support_tickets.TestNotificationsEndpoints" name="test_mark_read_all_idempotent" time="0.171" /><testcase classname="backend.tests.test_developer_support_tickets.TestAuthGating" name="test_list_requires_auth" time="0.167" /><testcase classname="backend.tests.test_developer_support_tickets.TestAuthGating" name="test_create_requires_auth" time="0.206" /></testsuite></testsuites>