<?xml version="1.0" encoding="utf-8"?><testsuites name="pytest tests"><testsuite name="pytest" errors="0" failures="2" skipped="0" tests="15" time="70.486" timestamp="2026-05-18T20:24:58.399836+00:00" hostname="agent-env-b7c3a99e-53c9-470f-9081-e03fc0453ab5"><testcase classname="backend.tests.test_evax_describe_estimate.TestAuth" name="test_login_each_seeded_user[admin@atlas.dev-admin123-admin]" time="1.412" /><testcase classname="backend.tests.test_evax_describe_estimate.TestAuth" name="test_login_each_seeded_user[client@atlas.dev-client123-client]" time="0.343" /><testcase classname="backend.tests.test_evax_describe_estimate.TestAuth" name="test_login_each_seeded_user[john@atlas.dev-dev123-developer]" time="0.334" /><testcase classname="backend.tests.test_evax_describe_estimate.TestAuth" name="test_login_each_seeded_user[tester@atlas.dev-tester123-tester]" time="0.328" /><testcase classname="backend.tests.test_evax_describe_estimate.TestAuth" name="test_wrong_password_rejected" time="0.354" /><testcase classname="backend.tests.test_evax_describe_estimate.TestAuth" name="test_credentials_doc_mismatch" time="0.409" /><testcase classname="backend.tests.test_evax_describe_estimate.TestWebUI" name="test_web_ui_serves_html" time="0.140" /><testcase classname="backend.tests.test_evax_describe_estimate.TestManifest" name="test_manifest_200" time="0.062" /><testcase classname="backend.tests.test_evax_describe_estimate.TestEstimateCore" name="test_estimate_basic_shape" time="30.655" /><testcase classname="backend.tests.test_evax_describe_estimate.TestEstimateCore" name="test_estimate_determinism_parity_web_vs_expo" time="31.309"><failure message="AssertionError: non-deterministic price: 88359.85 vs 137184.84&#10;assert 88359.85 == 137184.84">backend/tests/test_evax_describe_estimate.py:115: in test_estimate_determinism_parity_web_vs_expo
    assert e1["final_price"] == e2["final_price"], f"non-deterministic price: {e1['final_price']} vs {e2['final_price']}"
E   AssertionError: non-deterministic price: 88359.85 vs 137184.84
E   assert 88359.85 == 137184.84</failure></testcase><testcase classname="backend.tests.test_evax_describe_estimate.TestEstimateCore" name="test_estimate_short_goal_clarity" time="0.159" /><testcase classname="backend.tests.test_evax_describe_estimate.TestEstimateAnalyzeURL" name="test_analyze_url_live_or_cached" time="0.134" /><testcase classname="backend.tests.test_evax_describe_estimate.TestEstimateParseFile" name="test_parse_file_text_upload" time="1.351" /><testcase classname="backend.tests.test_evax_describe_estimate.TestAdminInbox" name="test_admin_can_reach_some_inbox_endpoint" time="1.049" /><testcase classname="backend.tests.test_evax_describe_estimate.TestAdminInbox" name="test_visitor_estimate_persisted_for_admin" time="2.337"><failure message="AssertionError: P2 GAP: anonymous estimate NOT visible to admin in any candidate endpoint.&#10;assert []">backend/tests/test_evax_describe_estimate.py:197: in test_visitor_estimate_persisted_for_admin
    assert found_in, "P2 GAP: anonymous estimate NOT visible to admin in any candidate endpoint."
E   AssertionError: P2 GAP: anonymous estimate NOT visible to admin in any candidate endpoint.
E   assert []</failure></testcase></testsuite></testsuites>