<?xml version="1.0" encoding="utf-8"?><testsuites name="pytest tests"><testsuite name="pytest" errors="0" failures="0" skipped="0" tests="12" time="5.049" timestamp="2026-05-19T17:50:24.121847+00:00" hostname="agent-env-5129f65f-1e7c-4d35-8b6e-ee27a2285d3e"><testcase classname="backend.tests.test_iteration12_redeploy.TestAuthLogin" name="test_login_role[admin]" time="2.109" /><testcase classname="backend.tests.test_iteration12_redeploy.TestAuthLogin" name="test_login_role[client]" time="0.462" /><testcase classname="backend.tests.test_iteration12_redeploy.TestAuthLogin" name="test_login_role[developer]" time="0.402" /><testcase classname="backend.tests.test_iteration12_redeploy.TestAuthLogin" name="test_login_role[tester]" time="0.437" /><testcase classname="backend.tests.test_iteration12_redeploy.TestIntegrationsManifest" name="test_manifest_public" time="0.142" /><testcase classname="backend.tests.test_iteration12_redeploy.TestWebUI" name="test_web_ui_root_html" time="0.204" /><testcase classname="backend.tests.test_iteration12_redeploy.TestClientSurface" name="test_contracts_my" time="0.510" /><testcase classname="backend.tests.test_iteration12_redeploy.TestClientSurface" name="test_client_invoices" time="0.059" /><testcase classname="backend.tests.test_iteration12_redeploy.TestAdminSurface" name="test_admin_endpoint[/api/admin/users]" time="0.427" /><testcase classname="backend.tests.test_iteration12_redeploy.TestAdminSurface" name="test_admin_endpoint[/api/admin/team]" time="0.068" /><testcase classname="backend.tests.test_iteration12_redeploy.TestAdminSurface" name="test_admin_endpoint[/api/admin/contracts]" time="0.057" /><testcase classname="backend.tests.test_iteration12_redeploy.TestAdminSurface" name="test_admin_endpoint[/api/admin/integrations]" time="0.093" /></testsuite></testsuites>