<?xml version="1.0" encoding="utf-8"?><testsuites name="pytest tests"><testsuite name="pytest" errors="0" failures="0" skipped="0" tests="7" time="2.174" timestamp="2026-05-18T22:12:07.396307+00:00" hostname="agent-env-4b263201-4f80-4c36-98f8-724756e006b0"><testcase classname="backend.tests.test_iteration10.TestOpenAPIBugFix" name="test_openapi_returns_200" time="0.167" /><testcase classname="backend.tests.test_iteration10.TestAuthOTPDevMode" name="test_send_code_returns_dev_code" time="0.247" /><testcase classname="backend.tests.test_iteration10.TestTesterStage4Seed" name="test_at_least_five_validations" time="0.433" /><testcase classname="backend.tests.test_iteration10.TestTesterStage4Seed" name="test_status_mix_present" time="0.000" /><testcase classname="backend.tests.test_iteration10.TestTesterStage4Seed" name="test_issues_endpoint_has_high_severity" time="0.051" /><testcase classname="backend.tests.test_iteration10.TestClientWorkspaceStatus" name="test_workspace_has_top_level_status" time="1.150" /><testcase classname="backend.tests.test_iteration10.TestEstimateRegression" name="test_estimate_endpoint_returns_200" time="0.048" /></testsuite></testsuites>