<?xml version="1.0" encoding="utf-8"?><testsuites name="pytest tests"><testsuite name="pytest" errors="0" failures="1" skipped="0" tests="41" time="8.577" timestamp="2026-05-15T13:54:39.244723+00:00" hostname="agent-env-3d0de8b7-58b1-4bb3-80e6-c0d7bd64fa04"><testcase classname="backend.tests.test_runtime_client_migration_b4b_b5.TestBackendHealth" name="test_healthz_200" time="0.303" /><testcase classname="backend.tests.test_runtime_client_migration_b4b_b5.TestBatch4bExpoDeveloperPages" name="test_expo_route_200[/]" time="0.895" /><testcase classname="backend.tests.test_runtime_client_migration_b4b_b5.TestBatch4bExpoDeveloperPages" name="test_expo_route_200[/developer/profile]" time="0.734" /><testcase classname="backend.tests.test_runtime_client_migration_b4b_b5.TestBatch4bExpoDeveloperPages" name="test_expo_route_200[/developer/market]" time="0.794" /><testcase classname="backend.tests.test_runtime_client_migration_b4b_b5.TestBatch4bExpoDeveloperPages" name="test_expo_route_200[/developer/acceptance]" time="0.639" /><testcase classname="backend.tests.test_runtime_client_migration_b4b_b5.TestBatch4bExpoDeveloperPages" name="test_expo_route_200[/developer/work]" time="0.812" /><testcase classname="backend.tests.test_runtime_client_migration_b4b_b5.TestBatch4bExpoDeveloperPages" name="test_work_tsx_has_payment_capability_on_submit_module" time="0.001"><failure message="AssertionError: submit-module POST is missing capability:'payment' option&#10;assert None">backend/tests/test_runtime_client_migration_b4b_b5.py:83: in test_work_tsx_has_payment_capability_on_submit_module
    assert m, "submit-module POST is missing capability:'payment' option"
E   AssertionError: submit-module POST is missing capability:'payment' option
E   assert None</failure></testcase><testcase classname="backend.tests.test_runtime_client_migration_b4b_b5.TestBatch4bTransportInvariants" name="test_no_axios_in_developer_files[/app/frontend/app/developer/profile.tsx]" time="0.001" /><testcase classname="backend.tests.test_runtime_client_migration_b4b_b5.TestBatch4bTransportInvariants" name="test_no_axios_in_developer_files[/app/frontend/app/developer/market.tsx]" time="0.000" /><testcase classname="backend.tests.test_runtime_client_migration_b4b_b5.TestBatch4bTransportInvariants" name="test_no_axios_in_developer_files[/app/frontend/app/developer/acceptance.tsx]" time="0.000" /><testcase classname="backend.tests.test_runtime_client_migration_b4b_b5.TestBatch4bTransportInvariants" name="test_no_axios_in_developer_files[/app/frontend/app/developer/work.tsx]" time="0.001" /><testcase classname="backend.tests.test_runtime_client_migration_b4b_b5.TestBatch4bTransportInvariants" name="test_runtime_imports_present[/app/frontend/app/developer/profile.tsx]" time="0.000" /><testcase classname="backend.tests.test_runtime_client_migration_b4b_b5.TestBatch4bTransportInvariants" name="test_runtime_imports_present[/app/frontend/app/developer/market.tsx]" time="0.000" /><testcase classname="backend.tests.test_runtime_client_migration_b4b_b5.TestBatch4bTransportInvariants" name="test_runtime_imports_present[/app/frontend/app/developer/acceptance.tsx]" time="0.000" /><testcase classname="backend.tests.test_runtime_client_migration_b4b_b5.TestBatch4bTransportInvariants" name="test_runtime_imports_present[/app/frontend/app/developer/work.tsx]" time="0.000" /><testcase classname="backend.tests.test_runtime_client_migration_b4b_b5.TestBatch5WebShellReachability" name="test_web_route_200[/api/web-ui/]" time="0.202" /><testcase classname="backend.tests.test_runtime_client_migration_b4b_b5.TestBatch5WebShellReachability" name="test_web_route_200[/api/web-ui/client/hub]" time="0.110" /><testcase classname="backend.tests.test_runtime_client_migration_b4b_b5.TestBatch5WebShellReachability" name="test_web_route_200[/api/web-ui/client/cabinet]" time="0.115" /><testcase classname="backend.tests.test_runtime_client_migration_b4b_b5.TestBatch5WebShellReachability" name="test_web_route_200[/api/web-ui/client/dashboard]" time="0.100" /><testcase classname="backend.tests.test_runtime_client_migration_b4b_b5.TestBatch5WebShellReachability" name="test_web_route_200[/api/web-ui/client/projects]" time="0.105" /><testcase classname="backend.tests.test_runtime_client_migration_b4b_b5.TestBatch5WebShellReachability" name="test_web_route_200[/api/web-ui/client/transparency]" time="0.114" /><testcase classname="backend.tests.test_runtime_client_migration_b4b_b5.TestBatch5WebShellReachability" name="test_web_route_200[/api/web-ui/builder/auth]" time="0.145" /><testcase classname="backend.tests.test_runtime_client_migration_b4b_b5.TestBatch5TransportInvariants" name="test_imports_runtime_and_api_error[/app/web/src/pages/ClientHub.js]" time="0.000" /><testcase classname="backend.tests.test_runtime_client_migration_b4b_b5.TestBatch5TransportInvariants" name="test_imports_runtime_and_api_error[/app/web/src/pages/ClientCabinet.js]" time="0.000" /><testcase classname="backend.tests.test_runtime_client_migration_b4b_b5.TestBatch5TransportInvariants" name="test_imports_runtime_and_api_error[/app/web/src/pages/ClientWorkspace.js]" time="0.000" /><testcase classname="backend.tests.test_runtime_client_migration_b4b_b5.TestBatch5TransportInvariants" name="test_imports_runtime_and_api_error[/app/web/src/pages/ClientDocumentsPage.js]" time="0.000" /><testcase classname="backend.tests.test_runtime_client_migration_b4b_b5.TestBatch5TransportInvariants" name="test_imports_runtime_and_api_error[/app/web/src/pages/BuilderAuth.js]" time="0.000" /><testcase classname="backend.tests.test_runtime_client_migration_b4b_b5.TestBatch5TransportInvariants" name="test_no_axios_residue[/app/web/src/pages/ClientHub.js]" time="0.000" /><testcase classname="backend.tests.test_runtime_client_migration_b4b_b5.TestBatch5TransportInvariants" name="test_no_axios_residue[/app/web/src/pages/ClientCabinet.js]" time="0.000" /><testcase classname="backend.tests.test_runtime_client_migration_b4b_b5.TestBatch5TransportInvariants" name="test_no_axios_residue[/app/web/src/pages/ClientWorkspace.js]" time="0.000" /><testcase classname="backend.tests.test_runtime_client_migration_b4b_b5.TestBatch5TransportInvariants" name="test_no_axios_residue[/app/web/src/pages/ClientDocumentsPage.js]" time="0.000" /><testcase classname="backend.tests.test_runtime_client_migration_b4b_b5.TestBatch5TransportInvariants" name="test_no_axios_residue[/app/web/src/pages/BuilderAuth.js]" time="0.000" /><testcase classname="backend.tests.test_runtime_client_migration_b4b_b5.TestBatch5ClientAPIs" name="test_projects_mine_200" time="0.415" /><testcase classname="backend.tests.test_runtime_client_migration_b4b_b5.TestBatch5ClientAPIs" name="test_client_invoices_200" time="0.057" /><testcase classname="backend.tests.test_runtime_client_migration_b4b_b5.TestBatch5ClientAPIs" name="test_client_dashboard_200" time="0.056" /><testcase classname="backend.tests.test_runtime_client_migration_b4b_b5.TestBatch5ClientAPIs" name="test_contracts_my_200" time="0.061" /><testcase classname="backend.tests.test_runtime_client_migration_b4b_b5.TestBatch5ClientAPIs" name="test_auth_me_200_for_client_cookie" time="0.055" /><testcase classname="backend.tests.test_runtime_client_migration_b4b_b5.TestStage4TesterRegression" name="test_tester_home_200" time="0.677" /><testcase classname="backend.tests.test_runtime_client_migration_b4b_b5.TestStage4TesterRegression" name="test_tester_validations_200" time="0.634" /><testcase classname="backend.tests.test_runtime_client_migration_b4b_b5.TestStage4TesterRegression" name="test_tester_history_200" time="0.931" /><testcase classname="backend.tests.test_runtime_client_migration_b4b_b5.TestStage4TesterRegression" name="test_tester_validation_tasks_api" time="0.438" /></testsuite></testsuites>