<?xml version="1.0" encoding="utf-8"?><testsuites name="pytest tests"><testsuite name="pytest" errors="0" failures="0" skipped="1" tests="12" time="1.200" timestamp="2026-05-15T13:53:53.159878+00:00" hostname="agent-env-3d0de8b7-58b1-4bb3-80e6-c0d7bd64fa04"><testcase classname="backend.tests.test_tester_surface.TestMobileLogin" name="test_login_returns_tester_role" time="0.375" /><testcase classname="backend.tests.test_tester_surface.TestMobileLogin" name="test_auth_me_reflects_tester" time="0.107" /><testcase classname="backend.tests.test_tester_surface.TestTesterLists" name="test_validation_tasks_has_six" time="0.054" /><testcase classname="backend.tests.test_tester_surface.TestTesterLists" name="test_validation_tasks_shape" time="0.000" /><testcase classname="backend.tests.test_tester_surface.TestTesterLists" name="test_validation_tasks_mix_of_statuses" time="0.000" /><testcase classname="backend.tests.test_tester_surface.TestTesterLists" name="test_tester_issues_array" time="0.048" /><testcase classname="backend.tests.test_tester_surface.TestValidationDetails" name="test_details_populated" time="0.048" /><testcase classname="backend.tests.test_tester_surface.TestValidationDetails" name="test_validation_issues_returns_existing" time="0.049" /><testcase classname="backend.tests.test_tester_surface.TestIssueCreation" name="test_file_issue_appears_in_listing" time="0.133" /><testcase classname="backend.tests.test_tester_surface.TestPassFailIdempotency" name="test_pass_idempotent_same_key" time="0.111" /><testcase classname="backend.tests.test_tester_surface.TestPassFailIdempotency" name="test_fail_after_pass_rejected" time="0.055" /><testcase classname="backend.tests.test_tester_surface.TestPassFailIdempotency" name="test_fail_idempotent_symmetric" time="0.100"><skipped type="pytest.skip" message="first /fail did not return 200 (likely needs different payload): 400 {&quot;ok&quot;:false,&quot;code&quot;:&quot;invalid_input&quot;,&quot;message&quot;:&quot;Cannot fail validation in status: passed&quot;,&quot;status&quot;:400,&quot;retryable&quot;:false,&quot;request_id&quot;:&quot;3301932c259446f9&quot;}">/app/backend/tests/test_tester_surface.py:262: first /fail did not return 200 (likely needs different payload): 400 {"ok":false,"code":"invalid_input","message":"Cannot fail validation in status: passed","status":400,"retryable":false,"request_id":"3301932c259446f9"}</skipped></testcase></testsuite></testsuites>