<?xml version="1.0" encoding="utf-8"?><testsuites name="pytest tests"><testsuite name="pytest" errors="0" failures="0" skipped="0" tests="15" time="23.989" timestamp="2026-05-14T23:37:26.130333+00:00" hostname="agent-env-375c0354-d64d-43f4-a5e9-753f481b7b8c"><testcase classname="backend.tests.test_trusted_devices.TestTrustedDeviceMobile" name="test_login_with_untrusted_fingerprint_requires_2fa" time="1.492" /><testcase classname="backend.tests.test_trusted_devices.TestTrustedDeviceMobile" name="test_trust_grants_skip_on_next_login" time="1.570" /><testcase classname="backend.tests.test_trusted_devices.TestTrustedDeviceMobile" name="test_different_fingerprint_still_requires_2fa" time="1.558" /><testcase classname="backend.tests.test_trusted_devices.TestTrustedDeviceMobile" name="test_no_fingerprint_requires_2fa" time="1.121" /><testcase classname="backend.tests.test_trusted_devices.TestTrustedDeviceMobile" name="test_short_fingerprint_ignored" time="1.591" /><testcase classname="backend.tests.test_trusted_devices.TestTrustedDeviceMobile" name="test_trust_true_without_fingerprint_is_noop" time="1.153" /><testcase classname="backend.tests.test_trusted_devices.TestTrustedDeviceMobile" name="test_re_trust_same_fingerprint_no_duplicate" time="1.478" /><testcase classname="backend.tests.test_trusted_devices.TestTrustedDeviceMobile" name="test_expired_trust_requires_2fa" time="1.508" /><testcase classname="backend.tests.test_trusted_devices.TestTrustedDeviceWebCookie" name="test_web_login_trust_short_circuit" time="1.503" /><testcase classname="backend.tests.test_trusted_devices.TestTrustedDeviceWebCookie" name="test_web_verify_strips_sensitive_fields" time="1.120" /><testcase classname="backend.tests.test_trusted_devices.TestTrustedDevicesManagement" name="test_list_returns_records_sorted" time="2.024" /><testcase classname="backend.tests.test_trusted_devices.TestTrustedDevicesManagement" name="test_delete_device_forces_2fa" time="1.650" /><testcase classname="backend.tests.test_trusted_devices.TestTrustedDevicesManagement" name="test_delete_nonexistent_returns_404" time="0.832" /><testcase classname="backend.tests.test_trusted_devices.TestTrustedDevicesManagement" name="test_revoke_all_clears_user_only" time="2.805" /><testcase classname="backend.tests.test_trusted_devices.TestCrossUserIsolation" name="test_same_fingerprint_string_isolated_between_users" time="2.422" /></testsuite></testsuites>