<?xml version="1.0" encoding="utf-8"?><testsuites name="pytest tests"><testsuite name="pytest" errors="0" failures="0" skipped="0" tests="19" time="20.470" timestamp="2026-05-14T23:37:55.278831+00:00" hostname="agent-env-375c0354-d64d-43f4-a5e9-753f481b7b8c"><testcase classname="backend.tests.test_two_factor.TestBaselineLogin" name="test_login_returns_token_when_2fa_disabled" time="0.371" /><testcase classname="backend.tests.test_two_factor.TestSetupFlow" name="test_setup_requires_auth" time="0.164" /><testcase classname="backend.tests.test_two_factor.TestSetupFlow" name="test_setup_then_verify_returns_recovery_codes" time="0.728" /><testcase classname="backend.tests.test_two_factor.TestSetupFlow" name="test_setup_verify_rejects_bad_code" time="0.552" /><testcase classname="backend.tests.test_two_factor.TestSetupFlow" name="test_setup_blocked_when_already_enabled" time="0.736" /><testcase classname="backend.tests.test_two_factor.TestMobileLoginChallenge" name="test_login_returns_challenge_when_2fa_enabled" time="1.116" /><testcase classname="backend.tests.test_two_factor.TestMobileLoginChallenge" name="test_verify_with_totp_returns_session" time="1.108" /><testcase classname="backend.tests.test_two_factor.TestMobileLoginChallenge" name="test_verify_with_recovery_code_returns_session_and_consumes" time="1.628" /><testcase classname="backend.tests.test_two_factor.TestMobileLoginChallenge" name="test_verify_with_wrong_totp_fails" time="1.162" /><testcase classname="backend.tests.test_two_factor.TestMobileLoginChallenge" name="test_verify_locks_after_5_attempts" time="2.166" /><testcase classname="backend.tests.test_two_factor.TestMobileLoginChallenge" name="test_verify_consumed_challenge_cannot_be_reused" time="1.058" /><testcase classname="backend.tests.test_two_factor.TestMobileLoginChallenge" name="test_verify_with_invalid_challenge_token" time="0.795" /><testcase classname="backend.tests.test_two_factor.TestRecoveryCodes" name="test_status_reflects_consumed_codes" time="1.163" /><testcase classname="backend.tests.test_two_factor.TestRecoveryCodes" name="test_regenerate_requires_totp_not_recovery" time="1.931" /><testcase classname="backend.tests.test_two_factor.TestDisable" name="test_disable_with_totp" time="1.433" /><testcase classname="backend.tests.test_two_factor.TestDisable" name="test_disable_with_recovery_code" time="1.298" /><testcase classname="backend.tests.test_two_factor.TestDisable" name="test_disable_bad_code_fails" time="1.314" /><testcase classname="backend.tests.test_two_factor.TestLegacy" name="test_legacy_enable_returns_400" time="0.499" /><testcase classname="backend.tests.test_two_factor.TestWebLogin" name="test_web_login_returns_challenge_then_verify" time="1.085" /></testsuite></testsuites>